mode: set
github.com/rebus2015/praktikum-devops/internal/config/config.go:41.35,59.16 16 1
github.com/rebus2015/praktikum-devops/internal/config/config.go:59.16,61.3 1 0
github.com/rebus2015/praktikum-devops/internal/config/config.go:62.2,63.16 2 1
github.com/rebus2015/praktikum-devops/internal/config/config.go:63.16,65.3 1 0
github.com/rebus2015/praktikum-devops/internal/config/config.go:66.2,66.43 1 1
github.com/rebus2015/praktikum-devops/internal/config/config.go:66.43,68.3 1 0
github.com/rebus2015/praktikum-devops/internal/config/config.go:70.2,70.19 1 1
github.com/rebus2015/praktikum-devops/internal/config/config.go:72.57,83.50 2 1
github.com/rebus2015/praktikum-devops/internal/config/config.go:83.50,85.3 1 0
github.com/rebus2015/praktikum-devops/internal/config/config.go:86.2,88.16 3 1
github.com/rebus2015/praktikum-devops/internal/config/config.go:88.16,90.3 1 1
github.com/rebus2015/praktikum-devops/internal/config/config.go:91.2,95.27 5 1
github.com/rebus2015/praktikum-devops/internal/config/config.go:95.27,96.57 1 0
github.com/rebus2015/praktikum-devops/internal/config/config.go:96.57,98.4 1 0
github.com/rebus2015/praktikum-devops/internal/config/config.go:100.2,100.12 1 1
github.com/rebus2015/praktikum-devops/internal/config/config.go:103.45,104.28 1 0
github.com/rebus2015/praktikum-devops/internal/config/config.go:104.28,106.3 1 0
github.com/rebus2015/praktikum-devops/internal/config/config.go:107.2,107.18 1 0
github.com/rebus2015/praktikum-devops/internal/config/config.go:107.18,109.3 1 0
github.com/rebus2015/praktikum-devops/internal/config/config.go:110.2,110.54 1 0
github.com/rebus2015/praktikum-devops/internal/config/config.go:113.52,115.16 2 1
github.com/rebus2015/praktikum-devops/internal/config/config.go:115.16,117.3 1 1
github.com/rebus2015/praktikum-devops/internal/config/config.go:118.2,118.21 1 1
github.com/rebus2015/praktikum-devops/internal/config/config.go:121.42,122.22 1 1
github.com/rebus2015/praktikum-devops/internal/config/config.go:122.22,124.3 1 1
github.com/rebus2015/praktikum-devops/internal/config/config.go:125.2,126.16 2 1
github.com/rebus2015/praktikum-devops/internal/config/config.go:126.16,128.3 1 1
github.com/rebus2015/praktikum-devops/internal/config/config.go:129.2,129.15 1 1
github.com/rebus2015/praktikum-devops/internal/config/config.go:129.15,131.17 2 1
github.com/rebus2015/praktikum-devops/internal/config/config.go:131.17,133.4 1 0
github.com/rebus2015/praktikum-devops/internal/config/config.go:136.2,137.16 2 1
github.com/rebus2015/praktikum-devops/internal/config/config.go:137.16,139.3 1 0
github.com/rebus2015/praktikum-devops/internal/config/config.go:140.2,142.16 3 1
github.com/rebus2015/praktikum-devops/internal/config/config.go:142.16,144.3 1 0
github.com/rebus2015/praktikum-devops/internal/config/config.go:146.2,146.27 1 1
github.com/rebus2015/praktikum-devops/internal/config/config.go:146.27,148.3 1 0
github.com/rebus2015/praktikum-devops/internal/config/config.go:149.2,149.38 1 1
github.com/rebus2015/praktikum-devops/internal/config/config.go:149.38,151.3 1 0
github.com/rebus2015/praktikum-devops/internal/config/config.go:152.2,152.16 1 1
github.com/rebus2015/praktikum-devops/internal/config/config.go:152.16,154.3 1 0
github.com/rebus2015/praktikum-devops/internal/config/config.go:155.2,155.23 1 1
github.com/rebus2015/praktikum-devops/internal/config/config.go:155.23,157.3 1 0
github.com/rebus2015/praktikum-devops/internal/config/config.go:158.2,158.30 1 1
github.com/rebus2015/praktikum-devops/internal/config/config.go:158.30,160.3 1 1
github.com/rebus2015/praktikum-devops/internal/config/config.go:161.2,161.27 1 1
github.com/rebus2015/praktikum-devops/internal/config/config.go:161.27,163.3 1 1
github.com/rebus2015/praktikum-devops/internal/config/config.go:164.2,164.27 1 1
github.com/rebus2015/praktikum-devops/internal/config/config.go:164.27,166.3 1 1
github.com/rebus2015/praktikum-devops/internal/config/config.go:167.2,167.12 1 1
github.com/rebus2015/praktikum-devops/internal/config/config.go:169.39,170.27 1 1
github.com/rebus2015/praktikum-devops/internal/config/config.go:170.27,172.3 1 1
github.com/rebus2015/praktikum-devops/internal/config/config.go:173.2,176.16 3 1
github.com/rebus2015/praktikum-devops/internal/config/config.go:176.16,178.3 1 1
github.com/rebus2015/praktikum-devops/internal/config/config.go:179.2,180.16 2 1
github.com/rebus2015/praktikum-devops/internal/config/config.go:180.16,182.3 1 0
github.com/rebus2015/praktikum-devops/internal/config/config.go:183.2,185.16 3 1
github.com/rebus2015/praktikum-devops/internal/config/config.go:185.16,187.3 1 0
github.com/rebus2015/praktikum-devops/internal/config/config.go:188.2,189.16 2 1
github.com/rebus2015/praktikum-devops/internal/config/config.go:189.16,191.3 1 0
github.com/rebus2015/praktikum-devops/internal/config/config.go:193.2,194.18 2 1
github.com/rebus2015/praktikum-devops/internal/config/config.go:194.18,196.3 1 1
github.com/rebus2015/praktikum-devops/internal/config/config.go:198.2,199.17 2 1
github.com/rebus2015/praktikum-devops/internal/config/config.go:199.17,201.3 1 0
github.com/rebus2015/praktikum-devops/internal/config/config.go:202.2,203.12 2 1
github.com/rebus2015/praktikum-devops/internal/config/config.go:41.35,59.16 16 0
github.com/rebus2015/praktikum-devops/internal/config/config.go:59.16,61.3 1 0
github.com/rebus2015/praktikum-devops/internal/config/config.go:62.2,63.16 2 0
github.com/rebus2015/praktikum-devops/internal/config/config.go:63.16,65.3 1 0
github.com/rebus2015/praktikum-devops/internal/config/config.go:66.2,66.43 1 0
github.com/rebus2015/praktikum-devops/internal/config/config.go:66.43,68.3 1 0
github.com/rebus2015/praktikum-devops/internal/config/config.go:70.2,70.19 1 0
github.com/rebus2015/praktikum-devops/internal/config/config.go:72.57,83.50 2 0
github.com/rebus2015/praktikum-devops/internal/config/config.go:83.50,85.3 1 0
github.com/rebus2015/praktikum-devops/internal/config/config.go:86.2,88.16 3 0
github.com/rebus2015/praktikum-devops/internal/config/config.go:88.16,90.3 1 0
github.com/rebus2015/praktikum-devops/internal/config/config.go:91.2,95.27 5 0
github.com/rebus2015/praktikum-devops/internal/config/config.go:95.27,96.57 1 0
github.com/rebus2015/praktikum-devops/internal/config/config.go:96.57,98.4 1 0
github.com/rebus2015/praktikum-devops/internal/config/config.go:100.2,100.12 1 0
github.com/rebus2015/praktikum-devops/internal/config/config.go:103.45,104.28 1 1
github.com/rebus2015/praktikum-devops/internal/config/config.go:104.28,106.3 1 1
github.com/rebus2015/praktikum-devops/internal/config/config.go:107.2,107.18 1 0
github.com/rebus2015/praktikum-devops/internal/config/config.go:107.18,109.3 1 0
github.com/rebus2015/praktikum-devops/internal/config/config.go:110.2,110.54 1 0
github.com/rebus2015/praktikum-devops/internal/config/config.go:113.52,115.16 2 0
github.com/rebus2015/praktikum-devops/internal/config/config.go:115.16,117.3 1 0
github.com/rebus2015/praktikum-devops/internal/config/config.go:118.2,118.21 1 0
github.com/rebus2015/praktikum-devops/internal/config/config.go:121.42,122.22 1 0
github.com/rebus2015/praktikum-devops/internal/config/config.go:122.22,124.3 1 0
github.com/rebus2015/praktikum-devops/internal/config/config.go:125.2,126.16 2 0
github.com/rebus2015/praktikum-devops/internal/config/config.go:126.16,128.3 1 0
github.com/rebus2015/praktikum-devops/internal/config/config.go:129.2,129.15 1 0
github.com/rebus2015/praktikum-devops/internal/config/config.go:129.15,131.17 2 0
github.com/rebus2015/praktikum-devops/internal/config/config.go:131.17,133.4 1 0
github.com/rebus2015/praktikum-devops/internal/config/config.go:136.2,137.16 2 0
github.com/rebus2015/praktikum-devops/internal/config/config.go:137.16,139.3 1 0
github.com/rebus2015/praktikum-devops/internal/config/config.go:140.2,142.16 3 0
github.com/rebus2015/praktikum-devops/internal/config/config.go:142.16,144.3 1 0
github.com/rebus2015/praktikum-devops/internal/config/config.go:146.2,146.27 1 0
github.com/rebus2015/praktikum-devops/internal/config/config.go:146.27,148.3 1 0
github.com/rebus2015/praktikum-devops/internal/config/config.go:149.2,149.38 1 0
github.com/rebus2015/praktikum-devops/internal/config/config.go:149.38,151.3 1 0
github.com/rebus2015/praktikum-devops/internal/config/config.go:152.2,152.16 1 0
github.com/rebus2015/praktikum-devops/internal/config/config.go:152.16,154.3 1 0
github.com/rebus2015/praktikum-devops/internal/config/config.go:155.2,155.23 1 0
github.com/rebus2015/praktikum-devops/internal/config/config.go:155.23,157.3 1 0
github.com/rebus2015/praktikum-devops/internal/config/config.go:158.2,158.30 1 0
github.com/rebus2015/praktikum-devops/internal/config/config.go:158.30,160.3 1 0
github.com/rebus2015/praktikum-devops/internal/config/config.go:161.2,161.27 1 0
github.com/rebus2015/praktikum-devops/internal/config/config.go:161.27,163.3 1 0
github.com/rebus2015/praktikum-devops/internal/config/config.go:164.2,164.27 1 0
github.com/rebus2015/praktikum-devops/internal/config/config.go:164.27,166.3 1 0
github.com/rebus2015/praktikum-devops/internal/config/config.go:167.2,167.12 1 0
github.com/rebus2015/praktikum-devops/internal/config/config.go:169.39,170.27 1 0
github.com/rebus2015/praktikum-devops/internal/config/config.go:170.27,172.3 1 0
github.com/rebus2015/praktikum-devops/internal/config/config.go:173.2,176.16 3 0
github.com/rebus2015/praktikum-devops/internal/config/config.go:176.16,178.3 1 0
github.com/rebus2015/praktikum-devops/internal/config/config.go:179.2,180.16 2 0
github.com/rebus2015/praktikum-devops/internal/config/config.go:180.16,182.3 1 0
github.com/rebus2015/praktikum-devops/internal/config/config.go:183.2,185.16 3 0
github.com/rebus2015/praktikum-devops/internal/config/config.go:185.16,187.3 1 0
github.com/rebus2015/praktikum-devops/internal/config/config.go:188.2,189.16 2 0
github.com/rebus2015/praktikum-devops/internal/config/config.go:189.16,191.3 1 0
github.com/rebus2015/praktikum-devops/internal/config/config.go:193.2,194.18 2 0
github.com/rebus2015/praktikum-devops/internal/config/config.go:194.18,196.3 1 0
github.com/rebus2015/praktikum-devops/internal/config/config.go:198.2,199.17 2 0
github.com/rebus2015/praktikum-devops/internal/config/config.go:199.17,201.3 1 0
github.com/rebus2015/praktikum-devops/internal/config/config.go:202.2,203.12 2 0
github.com/rebus2015/praktikum-devops/internal/handlers/handle.go:88.14,101.40 11 1
github.com/rebus2015/praktikum-devops/internal/handlers/handle.go:101.40,106.55 2 1
github.com/rebus2015/praktikum-devops/internal/handlers/handle.go:106.55,108.4 1 1
github.com/rebus2015/praktikum-devops/internal/handlers/handle.go:111.2,111.41 1 1
github.com/rebus2015/praktikum-devops/internal/handlers/handle.go:111.41,116.3 1 1
github.com/rebus2015/praktikum-devops/internal/handlers/handle.go:118.2,118.39 1 1
github.com/rebus2015/praktikum-devops/internal/handlers/handle.go:118.39,123.49 2 1
github.com/rebus2015/praktikum-devops/internal/handlers/handle.go:123.49,125.4 1 1
github.com/rebus2015/praktikum-devops/internal/handlers/handle.go:127.2,127.10 1 1
github.com/rebus2015/praktikum-devops/internal/handlers/handle.go:133.48,134.54 1 1
github.com/rebus2015/praktikum-devops/internal/handlers/handle.go:134.54,136.54 1 1
github.com/rebus2015/praktikum-devops/internal/handlers/handle.go:136.54,144.4 3 1
github.com/rebus2015/praktikum-devops/internal/handlers/handle.go:146.3,146.31 1 1
github.com/rebus2015/praktikum-devops/internal/handlers/handle.go:154.48,155.54 1 1
github.com/rebus2015/praktikum-devops/internal/handlers/handle.go:155.54,157.10 2 1
github.com/rebus2015/praktikum-devops/internal/handlers/handle.go:157.10,163.4 3 0
github.com/rebus2015/praktikum-devops/internal/handlers/handle.go:164.3,165.17 2 1
github.com/rebus2015/praktikum-devops/internal/handlers/handle.go:165.17,173.4 3 0
github.com/rebus2015/praktikum-devops/internal/handlers/handle.go:174.3,176.29 3 1
github.com/rebus2015/praktikum-devops/internal/handlers/handle.go:176.29,177.17 1 1
github.com/rebus2015/praktikum-devops/internal/handlers/handle.go:177.17,180.25 3 0
github.com/rebus2015/praktikum-devops/internal/handlers/handle.go:180.25,186.6 2 0
github.com/rebus2015/praktikum-devops/internal/handlers/handle.go:188.4,194.5 1 1
github.com/rebus2015/praktikum-devops/internal/handlers/handle.go:197.3,203.17 6 1
github.com/rebus2015/praktikum-devops/internal/handlers/handle.go:203.17,206.4 2 0
github.com/rebus2015/praktikum-devops/internal/handlers/handle.go:207.3,207.49 1 1
github.com/rebus2015/praktikum-devops/internal/handlers/handle.go:215.48,216.54 1 1
github.com/rebus2015/praktikum-devops/internal/handlers/handle.go:216.54,218.10 2 1
github.com/rebus2015/praktikum-devops/internal/handlers/handle.go:218.10,224.4 3 0
github.com/rebus2015/praktikum-devops/internal/handlers/handle.go:226.3,231.23 2 1
github.com/rebus2015/praktikum-devops/internal/handlers/handle.go:232.16,233.4 1 1
github.com/rebus2015/praktikum-devops/internal/handlers/handle.go:233.4,234.28 1 1
github.com/rebus2015/praktikum-devops/internal/handlers/handle.go:234.28,238.6 3 1
github.com/rebus2015/praktikum-devops/internal/handlers/handle.go:240.5,241.19 2 1
github.com/rebus2015/praktikum-devops/internal/handlers/handle.go:241.19,249.6 3 0
github.com/rebus2015/praktikum-devops/internal/handlers/handle.go:250.5,250.26 1 1
github.com/rebus2015/praktikum-devops/internal/handlers/handle.go:252.14,253.4 1 1
github.com/rebus2015/praktikum-devops/internal/handlers/handle.go:253.4,254.28 1 1
github.com/rebus2015/praktikum-devops/internal/handlers/handle.go:254.28,258.6 3 0
github.com/rebus2015/praktikum-devops/internal/handlers/handle.go:260.5,261.19 2 1
github.com/rebus2015/praktikum-devops/internal/handlers/handle.go:261.19,269.6 3 0
github.com/rebus2015/praktikum-devops/internal/handlers/handle.go:270.5,270.26 1 1
github.com/rebus2015/praktikum-devops/internal/handlers/handle.go:272.11,273.4 1 0
github.com/rebus2015/praktikum-devops/internal/handlers/handle.go:273.4,277.5 3 0
github.com/rebus2015/praktikum-devops/internal/handlers/handle.go:280.3,280.16 1 1
github.com/rebus2015/praktikum-devops/internal/handlers/handle.go:280.16,283.18 3 0
github.com/rebus2015/praktikum-devops/internal/handlers/handle.go:283.18,289.5 2 0
github.com/rebus2015/praktikum-devops/internal/handlers/handle.go:292.3,296.17 5 1
github.com/rebus2015/praktikum-devops/internal/handlers/handle.go:296.17,299.4 2 0
github.com/rebus2015/praktikum-devops/internal/handlers/handle.go:300.3,300.67 1 1
github.com/rebus2015/praktikum-devops/internal/handlers/handle.go:307.48,308.54 1 1
github.com/rebus2015/praktikum-devops/internal/handlers/handle.go:308.54,313.16 5 1
github.com/rebus2015/praktikum-devops/internal/handlers/handle.go:314.14,315.46 1 1
github.com/rebus2015/praktikum-devops/internal/handlers/handle.go:316.16,317.48 1 1
github.com/rebus2015/praktikum-devops/internal/handlers/handle.go:318.11,319.4 1 1
github.com/rebus2015/praktikum-devops/internal/handlers/handle.go:319.4,322.5 2 1
github.com/rebus2015/praktikum-devops/internal/handlers/handle.go:324.3,324.17 1 1
github.com/rebus2015/praktikum-devops/internal/handlers/handle.go:324.17,326.4 1 1
github.com/rebus2015/praktikum-devops/internal/handlers/handle.go:328.3,328.31 1 1
github.com/rebus2015/praktikum-devops/internal/handlers/handle.go:336.48,337.54 1 1
github.com/rebus2015/praktikum-devops/internal/handlers/handle.go:337.54,339.10 2 0
github.com/rebus2015/praktikum-devops/internal/handlers/handle.go:339.10,343.4 3 0
github.com/rebus2015/praktikum-devops/internal/handlers/handle.go:345.3,349.23 2 0
github.com/rebus2015/praktikum-devops/internal/handlers/handle.go:350.16,352.18 2 0
github.com/rebus2015/praktikum-devops/internal/handlers/handle.go:352.18,356.5 3 0
github.com/rebus2015/praktikum-devops/internal/handlers/handle.go:357.4,357.25 1 0
github.com/rebus2015/praktikum-devops/internal/handlers/handle.go:359.14,362.18 2 0
github.com/rebus2015/praktikum-devops/internal/handlers/handle.go:362.18,366.5 3 0
github.com/rebus2015/praktikum-devops/internal/handlers/handle.go:367.4,367.25 1 0
github.com/rebus2015/praktikum-devops/internal/handlers/handle.go:369.11,372.10 3 0
github.com/rebus2015/praktikum-devops/internal/handlers/handle.go:375.3,375.16 1 0
github.com/rebus2015/praktikum-devops/internal/handlers/handle.go:375.16,378.18 3 0
github.com/rebus2015/praktikum-devops/internal/handlers/handle.go:378.18,384.5 2 0
github.com/rebus2015/praktikum-devops/internal/handlers/handle.go:387.3,391.17 5 0
github.com/rebus2015/praktikum-devops/internal/handlers/handle.go:391.17,394.4 2 0
github.com/rebus2015/praktikum-devops/internal/handlers/handle.go:395.3,395.67 1 0
github.com/rebus2015/praktikum-devops/internal/handlers/handle.go:399.53,400.71 1 1
github.com/rebus2015/praktikum-devops/internal/handlers/handle.go:400.71,404.53 3 1
github.com/rebus2015/praktikum-devops/internal/handlers/handle.go:404.53,406.18 2 1
github.com/rebus2015/praktikum-devops/internal/handlers/handle.go:406.18,410.5 3 0
github.com/rebus2015/praktikum-devops/internal/handlers/handle.go:411.4,412.18 2 1
github.com/rebus2015/praktikum-devops/internal/handlers/handle.go:412.18,416.5 3 0
github.com/rebus2015/praktikum-devops/internal/handlers/handle.go:417.4,417.17 1 1
github.com/rebus2015/praktikum-devops/internal/handlers/handle.go:417.17,418.38 1 1
github.com/rebus2015/praktikum-devops/internal/handlers/handle.go:418.38,420.6 1 0
github.com/rebus2015/praktikum-devops/internal/handlers/handle.go:422.9,425.18 2 1
github.com/rebus2015/praktikum-devops/internal/handlers/handle.go:425.18,429.5 3 0
github.com/rebus2015/praktikum-devops/internal/handlers/handle.go:431.3,432.40 2 1
github.com/rebus2015/praktikum-devops/internal/handlers/handle.go:436.70,437.46 1 1
github.com/rebus2015/praktikum-devops/internal/handlers/handle.go:437.46,438.72 1 1
github.com/rebus2015/praktikum-devops/internal/handlers/handle.go:438.72,441.24 2 1
github.com/rebus2015/praktikum-devops/internal/handlers/handle.go:441.24,445.5 3 0
github.com/rebus2015/praktikum-devops/internal/handlers/handle.go:447.4,447.24 1 1
github.com/rebus2015/praktikum-devops/internal/handlers/handle.go:452.78,453.46 1 1
github.com/rebus2015/praktikum-devops/internal/handlers/handle.go:453.46,454.72 1 1
github.com/rebus2015/praktikum-devops/internal/handlers/handle.go:454.72,456.11 2 1
github.com/rebus2015/praktikum-devops/internal/handlers/handle.go:456.11,462.5 3 0
github.com/rebus2015/praktikum-devops/internal/handlers/handle.go:463.4,465.18 3 1
github.com/rebus2015/praktikum-devops/internal/handlers/handle.go:465.18,467.19 2 0
github.com/rebus2015/praktikum-devops/internal/handlers/handle.go:467.19,473.6 3 0
github.com/rebus2015/praktikum-devops/internal/handlers/handle.go:474.10,476.5 1 1
github.com/rebus2015/praktikum-devops/internal/handlers/handle.go:477.4,478.41 2 1
github.com/rebus2015/praktikum-devops/internal/handlers/handle.go:484.85,485.46 1 1
github.com/rebus2015/praktikum-devops/internal/handlers/handle.go:485.46,486.72 1 1
github.com/rebus2015/praktikum-devops/internal/handlers/handle.go:486.72,489.11 3 1
github.com/rebus2015/praktikum-devops/internal/handlers/handle.go:489.11,495.5 3 0
github.com/rebus2015/praktikum-devops/internal/handlers/handle.go:496.4,501.49 4 1
github.com/rebus2015/praktikum-devops/internal/handlers/handle.go:501.49,504.5 2 1
github.com/rebus2015/praktikum-devops/internal/handlers/handle.go:506.4,506.23 1 1
github.com/rebus2015/praktikum-devops/internal/handlers/handle.go:506.23,509.5 2 0
github.com/rebus2015/praktikum-devops/internal/handlers/handle.go:510.4,510.26 1 1
github.com/rebus2015/praktikum-devops/internal/handlers/handle.go:510.26,513.5 2 0
github.com/rebus2015/praktikum-devops/internal/handlers/handle.go:514.4,516.38 2 1
github.com/rebus2015/praktikum-devops/internal/handlers/handle.go:516.38,519.19 3 0
github.com/rebus2015/praktikum-devops/internal/handlers/handle.go:519.19,534.6 2 0
github.com/rebus2015/praktikum-devops/internal/handlers/handle.go:535.5,535.16 1 0
github.com/rebus2015/praktikum-devops/internal/handlers/handle.go:535.16,547.6 3 0
github.com/rebus2015/praktikum-devops/internal/handlers/handle.go:549.4,550.41 2 1
github.com/rebus2015/praktikum-devops/internal/handlers/handle.go:556.87,557.46 1 1
github.com/rebus2015/praktikum-devops/internal/handlers/handle.go:557.46,558.72 1 1
github.com/rebus2015/praktikum-devops/internal/handlers/handle.go:558.72,561.11 3 1
github.com/rebus2015/praktikum-devops/internal/handlers/handle.go:561.11,567.5 3 0
github.com/rebus2015/praktikum-devops/internal/handlers/handle.go:568.4,570.17 3 1
github.com/rebus2015/praktikum-devops/internal/handlers/handle.go:570.17,571.42 1 1
github.com/rebus2015/praktikum-devops/internal/handlers/handle.go:571.42,573.6 1 0
github.com/rebus2015/praktikum-devops/internal/handlers/handle.go:575.4,578.18 4 1
github.com/rebus2015/praktikum-devops/internal/handlers/handle.go:578.18,582.5 3 1
github.com/rebus2015/praktikum-devops/internal/handlers/handle.go:583.4,585.27 3 1
github.com/rebus2015/praktikum-devops/internal/handlers/handle.go:585.27,586.18 1 1
github.com/rebus2015/praktikum-devops/internal/handlers/handle.go:586.18,588.29 2 0
github.com/rebus2015/praktikum-devops/internal/handlers/handle.go:588.29,595.7 2 0
github.com/rebus2015/praktikum-devops/internal/handlers/handle.go:599.4,600.41 2 1
github.com/rebus2015/praktikum-devops/internal/handlers/handle.go:608.48,609.54 1 1
github.com/rebus2015/praktikum-devops/internal/handlers/handle.go:609.54,615.16 4 1
github.com/rebus2015/praktikum-devops/internal/handlers/handle.go:616.14,619.18 2 1
github.com/rebus2015/praktikum-devops/internal/handlers/handle.go:619.18,622.19 3 1
github.com/rebus2015/praktikum-devops/internal/handlers/handle.go:622.19,624.6 1 0
github.com/rebus2015/praktikum-devops/internal/handlers/handle.go:625.5,625.11 1 1
github.com/rebus2015/praktikum-devops/internal/handlers/handle.go:627.4,627.30 1 0
github.com/rebus2015/praktikum-devops/internal/handlers/handle.go:629.16,632.18 2 1
github.com/rebus2015/praktikum-devops/internal/handlers/handle.go:632.18,635.19 3 0
github.com/rebus2015/praktikum-devops/internal/handlers/handle.go:635.19,637.6 1 0
github.com/rebus2015/praktikum-devops/internal/handlers/handle.go:638.5,638.11 1 0
github.com/rebus2015/praktikum-devops/internal/handlers/handle.go:640.4,640.30 1 1
github.com/rebus2015/praktikum-devops/internal/handlers/handle.go:642.11,646.18 3 0
github.com/rebus2015/praktikum-devops/internal/handlers/handle.go:646.18,648.5 1 0
github.com/rebus2015/praktikum-devops/internal/handlers/handle.go:651.3,653.17 3 1
github.com/rebus2015/praktikum-devops/internal/handlers/handle.go:653.17,655.4 1 0
github.com/rebus2015/praktikum-devops/internal/handlers/handle.go:660.99,661.54 1 1
github.com/rebus2015/praktikum-devops/internal/handlers/handle.go:661.54,663.17 2 1
github.com/rebus2015/praktikum-devops/internal/handlers/handle.go:663.17,666.4 2 0
github.com/rebus2015/praktikum-devops/internal/handlers/handle.go:667.3,668.17 2 1
github.com/rebus2015/praktikum-devops/internal/handlers/handle.go:668.17,671.4 2 0
github.com/rebus2015/praktikum-devops/internal/handlers/handle.go:672.3,675.17 4 1
github.com/rebus2015/praktikum-devops/internal/handlers/handle.go:675.17,678.4 2 0
github.com/rebus2015/praktikum-devops/internal/handlers/handle.go:683.67,684.21 1 1
github.com/rebus2015/praktikum-devops/internal/handlers/handle.go:684.21,686.3 1 0
github.com/rebus2015/praktikum-devops/internal/handlers/handle.go:687.2,687.24 1 1
github.com/rebus2015/praktikum-devops/internal/handlers/handle.go:687.24,689.3 1 0
github.com/rebus2015/praktikum-devops/internal/handlers/handle.go:690.2,690.23 1 1
github.com/rebus2015/praktikum-devops/internal/handlers/handle.go:690.23,693.17 3 1
github.com/rebus2015/praktikum-devops/internal/handlers/handle.go:693.17,701.4 2 0
github.com/rebus2015/praktikum-devops/internal/handlers/handle.go:702.3,702.14 1 1
github.com/rebus2015/praktikum-devops/internal/handlers/handle.go:702.14,709.4 2 1
github.com/rebus2015/praktikum-devops/internal/handlers/handle.go:711.2,711.18 1 1
github.com/rebus2015/praktikum-devops/internal/signer/signer.go:24.43,27.2 2 1
github.com/rebus2015/praktikum-devops/internal/signer/signer.go:30.51,32.16 2 0
github.com/rebus2015/praktikum-devops/internal/signer/signer.go:32.16,34.3 1 0
github.com/rebus2015/praktikum-devops/internal/signer/signer.go:35.2,36.16 2 0
github.com/rebus2015/praktikum-devops/internal/signer/signer.go:36.16,38.3 1 0
github.com/rebus2015/praktikum-devops/internal/signer/signer.go:39.2,40.12 2 0
github.com/rebus2015/praktikum-devops/internal/signer/signer.go:44.61,46.16 2 1
github.com/rebus2015/praktikum-devops/internal/signer/signer.go:46.16,48.3 1 0
github.com/rebus2015/praktikum-devops/internal/signer/signer.go:49.2,50.16 2 1
github.com/rebus2015/praktikum-devops/internal/signer/signer.go:50.16,52.3 1 0
github.com/rebus2015/praktikum-devops/internal/signer/signer.go:53.2,53.25 1 1
github.com/rebus2015/praktikum-devops/internal/signer/signer.go:57.51,60.16 3 1
github.com/rebus2015/praktikum-devops/internal/signer/signer.go:60.16,63.3 2 0
github.com/rebus2015/praktikum-devops/internal/signer/signer.go:64.2,64.44 1 1
github.com/rebus2015/praktikum-devops/internal/signer/signer.go:68.54,69.21 1 1
github.com/rebus2015/praktikum-devops/internal/signer/signer.go:70.15,71.25 1 1
github.com/rebus2015/praktikum-devops/internal/signer/signer.go:71.25,74.4 2 0
github.com/rebus2015/praktikum-devops/internal/signer/signer.go:75.3,75.75 1 1
github.com/rebus2015/praktikum-devops/internal/signer/signer.go:76.17,77.25 1 0
github.com/rebus2015/praktikum-devops/internal/signer/signer.go:77.25,80.4 2 0
github.com/rebus2015/praktikum-devops/internal/signer/signer.go:81.3,81.75 1 0
github.com/rebus2015/praktikum-devops/internal/signer/signer.go:82.10,84.97 2 0
github.com/rebus2015/praktikum-devops/internal/signer/signer.go:88.70,90.24 2 0
github.com/rebus2015/praktikum-devops/internal/signer/signer.go:90.24,92.3 1 0
github.com/rebus2015/praktikum-devops/internal/signer/signer.go:93.2,95.38 3 0
github.com/rebus2015/praktikum-devops/internal/signer/signer.go:95.38,97.17 2 0
github.com/rebus2015/praktikum-devops/internal/signer/signer.go:97.17,99.4 1 0
github.com/rebus2015/praktikum-devops/internal/signer/signer.go:100.3,100.41 1 0
github.com/rebus2015/praktikum-devops/internal/signer/signer.go:102.2,102.23 1 0
github.com/rebus2015/praktikum-devops/internal/storage/wrapper.go:22.96,27.2 1 1
github.com/rebus2015/praktikum-devops/internal/storage/wrapper.go:28.86,30.32 2 1
github.com/rebus2015/praktikum-devops/internal/storage/wrapper.go:30.32,31.37 1 1
github.com/rebus2015/praktikum-devops/internal/storage/wrapper.go:31.37,33.19 2 1
github.com/rebus2015/praktikum-devops/internal/storage/wrapper.go:33.19,35.5 1 1
github.com/rebus2015/praktikum-devops/internal/storage/wrapper.go:38.2,38.16 1 1
github.com/rebus2015/praktikum-devops/internal/storage/wrapper.go:38.16,40.3 1 1
github.com/rebus2015/praktikum-devops/internal/storage/wrapper.go:41.2,41.20 1 1
github.com/rebus2015/praktikum-devops/internal/storage/wrapper.go:44.86,46.32 2 1
github.com/rebus2015/praktikum-devops/internal/storage/wrapper.go:46.32,47.37 1 1
github.com/rebus2015/praktikum-devops/internal/storage/wrapper.go:47.37,49.19 2 1
github.com/rebus2015/praktikum-devops/internal/storage/wrapper.go:49.19,51.5 1 1
github.com/rebus2015/praktikum-devops/internal/storage/wrapper.go:54.2,54.16 1 1
github.com/rebus2015/praktikum-devops/internal/storage/wrapper.go:54.16,56.3 1 1
github.com/rebus2015/praktikum-devops/internal/storage/wrapper.go:57.2,57.20 1 1
github.com/rebus2015/praktikum-devops/internal/storage/wrapper.go:60.69,62.16 2 1
github.com/rebus2015/praktikum-devops/internal/storage/wrapper.go:62.16,64.3 1 0
github.com/rebus2015/praktikum-devops/internal/storage/wrapper.go:65.2,65.20 1 1
github.com/rebus2015/praktikum-devops/internal/storage/wrapper.go:68.69,70.16 2 1
github.com/rebus2015/praktikum-devops/internal/storage/wrapper.go:70.16,72.3 1 1
github.com/rebus2015/praktikum-devops/internal/storage/wrapper.go:73.2,73.20 1 0
github.com/rebus2015/praktikum-devops/internal/storage/wrapper.go:76.72,78.16 2 1
github.com/rebus2015/praktikum-devops/internal/storage/wrapper.go:78.16,80.3 1 0
github.com/rebus2015/praktikum-devops/internal/storage/wrapper.go:81.2,81.20 1 1
github.com/rebus2015/praktikum-devops/internal/storage/wrapper.go:84.67,86.32 2 1
github.com/rebus2015/praktikum-devops/internal/storage/wrapper.go:86.32,87.37 1 1
github.com/rebus2015/praktikum-devops/internal/storage/wrapper.go:87.37,89.19 2 1
github.com/rebus2015/praktikum-devops/internal/storage/wrapper.go:89.19,91.5 1 1
github.com/rebus2015/praktikum-devops/internal/storage/wrapper.go:94.2,94.12 1 1
github.com/rebus2015/praktikum-devops/internal/storage/dbstorage/pgstorage.go:44.47,46.2 1 0
github.com/rebus2015/praktikum-devops/internal/storage/dbstorage/pgstorage.go:48.102,50.16 2 0
github.com/rebus2015/praktikum-devops/internal/storage/dbstorage/pgstorage.go:50.16,53.3 2 0
github.com/rebus2015/praktikum-devops/internal/storage/dbstorage/pgstorage.go:54.2,56.17 3 0
github.com/rebus2015/praktikum-devops/internal/storage/dbstorage/pgstorage.go:56.17,58.3 1 0
github.com/rebus2015/praktikum-devops/internal/storage/dbstorage/pgstorage.go:59.2,59.17 1 0
github.com/rebus2015/praktikum-devops/internal/storage/dbstorage/pgstorage.go:62.39,64.2 1 0
github.com/rebus2015/praktikum-devops/internal/storage/dbstorage/pgstorage.go:66.63,67.16 1 0
github.com/rebus2015/praktikum-devops/internal/storage/dbstorage/pgstorage.go:67.16,69.3 1 0
github.com/rebus2015/praktikum-devops/internal/storage/dbstorage/pgstorage.go:70.2,70.49 1 0
github.com/rebus2015/praktikum-devops/internal/storage/dbstorage/pgstorage.go:70.49,73.3 2 0
github.com/rebus2015/praktikum-devops/internal/storage/dbstorage/pgstorage.go:74.2,74.12 1 0
github.com/rebus2015/praktikum-devops/internal/storage/dbstorage/pgstorage.go:77.96,79.16 2 0
github.com/rebus2015/praktikum-devops/internal/storage/dbstorage/pgstorage.go:79.16,82.3 2 0
github.com/rebus2015/praktikum-devops/internal/storage/dbstorage/pgstorage.go:84.2,84.15 1 0
github.com/rebus2015/praktikum-devops/internal/storage/dbstorage/pgstorage.go:84.15,85.17 1 0
github.com/rebus2015/praktikum-devops/internal/storage/dbstorage/pgstorage.go:85.17,87.20 2 0
github.com/rebus2015/praktikum-devops/internal/storage/dbstorage/pgstorage.go:87.20,89.5 1 0
github.com/rebus2015/praktikum-devops/internal/storage/dbstorage/pgstorage.go:93.2,93.37 1 0
github.com/rebus2015/praktikum-devops/internal/storage/dbstorage/pgstorage.go:93.37,100.65 2 0
github.com/rebus2015/praktikum-devops/internal/storage/dbstorage/pgstorage.go:100.65,103.4 2 0
github.com/rebus2015/praktikum-devops/internal/storage/dbstorage/pgstorage.go:106.2,106.39 1 0
github.com/rebus2015/praktikum-devops/internal/storage/dbstorage/pgstorage.go:106.39,113.65 2 0
github.com/rebus2015/praktikum-devops/internal/storage/dbstorage/pgstorage.go:113.65,116.4 2 0
github.com/rebus2015/praktikum-devops/internal/storage/dbstorage/pgstorage.go:118.2,119.16 2 0
github.com/rebus2015/praktikum-devops/internal/storage/dbstorage/pgstorage.go:119.16,122.3 2 0
github.com/rebus2015/praktikum-devops/internal/storage/dbstorage/pgstorage.go:123.2,123.12 1 0
github.com/rebus2015/praktikum-devops/internal/storage/dbstorage/pgstorage.go:128.92,134.16 6 0
github.com/rebus2015/praktikum-devops/internal/storage/dbstorage/pgstorage.go:134.16,137.3 2 0
github.com/rebus2015/praktikum-devops/internal/storage/dbstorage/pgstorage.go:138.2,138.18 1 0
github.com/rebus2015/praktikum-devops/internal/storage/dbstorage/pgstorage.go:138.18,141.17 3 0
github.com/rebus2015/praktikum-devops/internal/storage/dbstorage/pgstorage.go:141.17,144.4 2 0
github.com/rebus2015/praktikum-devops/internal/storage/dbstorage/pgstorage.go:145.3,145.25 1 0
github.com/rebus2015/praktikum-devops/internal/storage/dbstorage/pgstorage.go:146.16,147.43 1 0
github.com/rebus2015/praktikum-devops/internal/storage/dbstorage/pgstorage.go:148.18,149.43 1 0
github.com/rebus2015/praktikum-devops/internal/storage/dbstorage/pgstorage.go:150.11,151.63 1 0
github.com/rebus2015/praktikum-devops/internal/storage/dbstorage/pgstorage.go:156.2,157.16 2 0
github.com/rebus2015/praktikum-devops/internal/storage/dbstorage/pgstorage.go:157.16,160.3 2 0
github.com/rebus2015/praktikum-devops/internal/storage/dbstorage/pgstorage.go:161.2,166.6 1 0
github.com/rebus2015/praktikum-devops/internal/storage/dbstorage/pgstorage.go:169.93,171.21 2 0
github.com/rebus2015/praktikum-devops/internal/storage/dbstorage/pgstorage.go:171.21,174.18 3 0
github.com/rebus2015/praktikum-devops/internal/storage/dbstorage/pgstorage.go:174.18,176.4 1 0
github.com/rebus2015/praktikum-devops/internal/storage/dbstorage/pgstorage.go:180.68,181.38 1 0
github.com/rebus2015/praktikum-devops/internal/storage/dbstorage/pgstorage.go:181.38,184.3 2 0
github.com/rebus2015/praktikum-devops/internal/storage/dbstorage/pgstorage.go:186.2,186.69 1 0
github.com/rebus2015/praktikum-devops/internal/storage/dbstorage/pgstorage.go:186.69,189.3 2 0
github.com/rebus2015/praktikum-devops/internal/storage/dbstorage/pgstorage.go:190.2,190.12 1 0
github.com/rebus2015/praktikum-devops/internal/storage/filestorage/filestorage.go:27.69,32.2 1 1
github.com/rebus2015/praktikum-devops/internal/storage/filestorage/filestorage.go:34.39,36.2 1 1
github.com/rebus2015/praktikum-devops/internal/storage/filestorage/filestorage.go:38.82,40.16 2 1
github.com/rebus2015/praktikum-devops/internal/storage/filestorage/filestorage.go:40.16,43.3 2 1
github.com/rebus2015/praktikum-devops/internal/storage/filestorage/filestorage.go:45.2,46.16 2 0
github.com/rebus2015/praktikum-devops/internal/storage/filestorage/filestorage.go:46.16,49.3 2 0
github.com/rebus2015/praktikum-devops/internal/storage/filestorage/filestorage.go:50.2,50.12 1 0
github.com/rebus2015/praktikum-devops/internal/storage/filestorage/filestorage.go:53.84,55.16 2 0
github.com/rebus2015/praktikum-devops/internal/storage/filestorage/filestorage.go:55.16,58.3 2 0
github.com/rebus2015/praktikum-devops/internal/storage/filestorage/filestorage.go:60.2,61.16 2 0
github.com/rebus2015/praktikum-devops/internal/storage/filestorage/filestorage.go:61.16,64.3 2 0
github.com/rebus2015/praktikum-devops/internal/storage/filestorage/filestorage.go:66.2,67.15 2 0
github.com/rebus2015/praktikum-devops/internal/storage/filestorage/filestorage.go:67.15,70.3 2 0
github.com/rebus2015/praktikum-devops/internal/storage/filestorage/filestorage.go:71.2,72.16 2 0
github.com/rebus2015/praktikum-devops/internal/storage/filestorage/filestorage.go:72.16,75.3 2 0
github.com/rebus2015/praktikum-devops/internal/storage/filestorage/filestorage.go:76.2,76.22 1 0
github.com/rebus2015/praktikum-devops/internal/storage/filestorage/filestorage.go:79.85,81.21 2 0
github.com/rebus2015/praktikum-devops/internal/storage/filestorage/filestorage.go:81.21,83.18 2 0
github.com/rebus2015/praktikum-devops/internal/storage/filestorage/filestorage.go:83.18,85.4 1 0
github.com/rebus2015/praktikum-devops/internal/storage/filestorage/filestorage.go:94.52,96.16 2 1
github.com/rebus2015/praktikum-devops/internal/storage/filestorage/filestorage.go:96.16,98.3 1 1
github.com/rebus2015/praktikum-devops/internal/storage/filestorage/filestorage.go:100.2,103.8 1 0
github.com/rebus2015/praktikum-devops/internal/storage/filestorage/filestorage.go:106.34,108.16 2 0
github.com/rebus2015/praktikum-devops/internal/storage/filestorage/filestorage.go:108.16,110.3 1 0
github.com/rebus2015/praktikum-devops/internal/storage/filestorage/filestorage.go:111.2,111.12 1 0
github.com/rebus2015/praktikum-devops/internal/storage/filestorage/filestorage.go:119.52,121.16 2 0
github.com/rebus2015/praktikum-devops/internal/storage/filestorage/filestorage.go:121.16,123.3 1 0
github.com/rebus2015/praktikum-devops/internal/storage/filestorage/filestorage.go:125.2,128.8 1 0
github.com/rebus2015/praktikum-devops/internal/storage/filestorage/filestorage.go:131.66,132.23 1 0
github.com/rebus2015/praktikum-devops/internal/storage/filestorage/filestorage.go:132.23,134.3 1 0
github.com/rebus2015/praktikum-devops/internal/storage/filestorage/filestorage.go:136.2,140.16 4 0
github.com/rebus2015/praktikum-devops/internal/storage/filestorage/filestorage.go:140.16,142.3 1 0
github.com/rebus2015/praktikum-devops/internal/storage/filestorage/filestorage.go:143.2,144.17 2 0
github.com/rebus2015/praktikum-devops/internal/storage/memstorage/memstorage.go:21.25,23.2 1 0
github.com/rebus2015/praktikum-devops/internal/storage/memstorage/memstorage.go:25.34,28.2 2 0
github.com/rebus2015/praktikum-devops/internal/storage/memstorage/memstorage.go:30.34,33.2 2 0
github.com/rebus2015/praktikum-devops/internal/storage/memstorage/memstorage.go:35.61,37.16 2 1
github.com/rebus2015/praktikum-devops/internal/storage/memstorage/memstorage.go:37.16,39.3 1 1
github.com/rebus2015/praktikum-devops/internal/storage/memstorage/memstorage.go:40.2,42.12 3 1
github.com/rebus2015/praktikum-devops/internal/storage/memstorage/memstorage.go:45.61,47.16 2 1
github.com/rebus2015/praktikum-devops/internal/storage/memstorage/memstorage.go:47.16,49.3 1 1
github.com/rebus2015/praktikum-devops/internal/storage/memstorage/memstorage.go:50.2,52.12 3 1
github.com/rebus2015/praktikum-devops/internal/storage/memstorage/memstorage.go:76.31,82.2 1 1
github.com/rebus2015/praktikum-devops/internal/storage/memstorage/memstorage.go:84.78,88.25 4 1
github.com/rebus2015/praktikum-devops/internal/storage/memstorage/memstorage.go:89.14,90.3 1 1
github.com/rebus2015/praktikum-devops/internal/storage/memstorage/memstorage.go:90.3,92.18 2 1
github.com/rebus2015/praktikum-devops/internal/storage/memstorage/memstorage.go:92.18,94.5 1 1
github.com/rebus2015/praktikum-devops/internal/storage/memstorage/memstorage.go:96.16,97.3 1 1
github.com/rebus2015/praktikum-devops/internal/storage/memstorage/memstorage.go:97.3,100.4 2 1
github.com/rebus2015/praktikum-devops/internal/storage/memstorage/memstorage.go:101.10,102.49 1 0
github.com/rebus2015/praktikum-devops/internal/storage/memstorage/memstorage.go:105.2,106.30 2 1
github.com/rebus2015/praktikum-devops/internal/storage/memstorage/memstorage.go:109.78,113.25 4 1
github.com/rebus2015/praktikum-devops/internal/storage/memstorage/memstorage.go:114.14,115.3 1 1
github.com/rebus2015/praktikum-devops/internal/storage/memstorage/memstorage.go:115.3,117.18 2 1
github.com/rebus2015/praktikum-devops/internal/storage/memstorage/memstorage.go:117.18,119.5 1 1
github.com/rebus2015/praktikum-devops/internal/storage/memstorage/memstorage.go:121.14,122.3 1 1
github.com/rebus2015/praktikum-devops/internal/storage/memstorage/memstorage.go:122.3,125.4 2 1
github.com/rebus2015/praktikum-devops/internal/storage/memstorage/memstorage.go:126.10,127.51 1 0
github.com/rebus2015/praktikum-devops/internal/storage/memstorage/memstorage.go:129.2,129.38 1 1
github.com/rebus2015/praktikum-devops/internal/storage/memstorage/memstorage.go:129.38,131.3 1 1
github.com/rebus2015/praktikum-devops/internal/storage/memstorage/memstorage.go:131.8,134.3 2 0
github.com/rebus2015/praktikum-devops/internal/storage/memstorage/memstorage.go:135.2,135.32 1 1
github.com/rebus2015/praktikum-devops/internal/storage/memstorage/memstorage.go:138.61,144.36 5 1
github.com/rebus2015/praktikum-devops/internal/storage/memstorage/memstorage.go:144.36,150.3 2 0
github.com/rebus2015/praktikum-devops/internal/storage/memstorage/memstorage.go:151.2,151.30 1 1
github.com/rebus2015/praktikum-devops/internal/storage/memstorage/memstorage.go:154.61,157.34 3 1
github.com/rebus2015/praktikum-devops/internal/storage/memstorage/memstorage.go:157.34,159.3 1 1
github.com/rebus2015/praktikum-devops/internal/storage/memstorage/memstorage.go:160.2,160.28 1 0
github.com/rebus2015/praktikum-devops/internal/storage/memstorage/memstorage.go:163.53,166.26 3 1
github.com/rebus2015/praktikum-devops/internal/storage/memstorage/memstorage.go:166.26,168.3 1 1
github.com/rebus2015/praktikum-devops/internal/storage/memstorage/memstorage.go:169.2,171.35 2 1
github.com/rebus2015/praktikum-devops/internal/storage/memstorage/memstorage.go:171.35,173.3 1 1
github.com/rebus2015/praktikum-devops/internal/storage/memstorage/memstorage.go:174.2,174.27 1 1
github.com/rebus2015/praktikum-devops/internal/storage/memstorage/memstorage.go:174.27,176.3 1 1
github.com/rebus2015/praktikum-devops/internal/storage/memstorage/memstorage.go:178.2,178.18 1 1
github.com/rebus2015/praktikum-devops/internal/storage/memstorage/memstorage.go:181.65,182.33 1 1
github.com/rebus2015/praktikum-devops/internal/storage/memstorage/memstorage.go:182.33,183.23 1 1
github.com/rebus2015/praktikum-devops/internal/storage/memstorage/memstorage.go:184.16,185.4 1 1
github.com/rebus2015/praktikum-devops/internal/storage/memstorage/memstorage.go:185.4,186.28 1 1
github.com/rebus2015/praktikum-devops/internal/storage/memstorage/memstorage.go:186.28,189.6 2 0
github.com/rebus2015/praktikum-devops/internal/storage/memstorage/memstorage.go:191.5,192.19 2 1
github.com/rebus2015/praktikum-devops/internal/storage/memstorage/memstorage.go:192.19,195.6 2 0
github.com/rebus2015/praktikum-devops/internal/storage/memstorage/memstorage.go:197.14,198.4 1 1
github.com/rebus2015/praktikum-devops/internal/storage/memstorage/memstorage.go:198.4,199.28 1 1
github.com/rebus2015/praktikum-devops/internal/storage/memstorage/memstorage.go:199.28,202.6 2 0
github.com/rebus2015/praktikum-devops/internal/storage/memstorage/memstorage.go:204.5,205.19 2 1
github.com/rebus2015/praktikum-devops/internal/storage/memstorage/memstorage.go:205.19,208.6 2 0
github.com/rebus2015/praktikum-devops/internal/storage/memstorage/memstorage.go:210.11,211.4 1 0
github.com/rebus2015/praktikum-devops/internal/storage/memstorage/memstorage.go:211.4,214.5 2 0
github.com/rebus2015/praktikum-devops/internal/storage/memstorage/memstorage.go:217.2,217.12 1 1
github.com/rebus2015/praktikum-devops/internal/signer/signer.go:24.43,27.2 2 0
github.com/rebus2015/praktikum-devops/internal/signer/signer.go:30.51,32.16 2 1
github.com/rebus2015/praktikum-devops/internal/signer/signer.go:32.16,34.3 1 0
github.com/rebus2015/praktikum-devops/internal/signer/signer.go:35.2,36.16 2 1
github.com/rebus2015/praktikum-devops/internal/signer/signer.go:36.16,38.3 1 0
github.com/rebus2015/praktikum-devops/internal/signer/signer.go:39.2,40.12 2 1
github.com/rebus2015/praktikum-devops/internal/signer/signer.go:44.61,46.16 2 1
github.com/rebus2015/praktikum-devops/internal/signer/signer.go:46.16,48.3 1 0
github.com/rebus2015/praktikum-devops/internal/signer/signer.go:49.2,50.16 2 1
github.com/rebus2015/praktikum-devops/internal/signer/signer.go:50.16,52.3 1 0
github.com/rebus2015/praktikum-devops/internal/signer/signer.go:53.2,53.25 1 1
github.com/rebus2015/praktikum-devops/internal/signer/signer.go:57.51,60.16 3 1
github.com/rebus2015/praktikum-devops/internal/signer/signer.go:60.16,63.3 2 0
github.com/rebus2015/praktikum-devops/internal/signer/signer.go:64.2,64.44 1 1
github.com/rebus2015/praktikum-devops/internal/signer/signer.go:68.54,69.21 1 1
github.com/rebus2015/praktikum-devops/internal/signer/signer.go:70.15,71.25 1 1
github.com/rebus2015/praktikum-devops/internal/signer/signer.go:71.25,74.4 2 1
github.com/rebus2015/praktikum-devops/internal/signer/signer.go:75.3,75.75 1 1
github.com/rebus2015/praktikum-devops/internal/signer/signer.go:76.17,77.25 1 1
github.com/rebus2015/praktikum-devops/internal/signer/signer.go:77.25,80.4 2 1
github.com/rebus2015/praktikum-devops/internal/signer/signer.go:81.3,81.75 1 1
github.com/rebus2015/praktikum-devops/internal/signer/signer.go:82.10,84.97 2 1
github.com/rebus2015/praktikum-devops/internal/signer/signer.go:88.70,90.24 2 1
github.com/rebus2015/praktikum-devops/internal/signer/signer.go:90.24,92.3 1 0
github.com/rebus2015/praktikum-devops/internal/signer/signer.go:93.2,95.38 3 1
github.com/rebus2015/praktikum-devops/internal/signer/signer.go:95.38,97.17 2 1
github.com/rebus2015/praktikum-devops/internal/signer/signer.go:97.17,99.4 1 0
github.com/rebus2015/praktikum-devops/internal/signer/signer.go:100.3,100.41 1 1
github.com/rebus2015/praktikum-devops/internal/signer/signer.go:102.2,102.23 1 1
github.com/rebus2015/praktikum-devops/internal/storage/memstorage/memstorage.go:21.25,23.2 1 1
github.com/rebus2015/praktikum-devops/internal/storage/memstorage/memstorage.go:25.34,28.2 2 1
github.com/rebus2015/praktikum-devops/internal/storage/memstorage/memstorage.go:30.34,33.2 2 1
github.com/rebus2015/praktikum-devops/internal/storage/memstorage/memstorage.go:35.61,37.16 2 1
github.com/rebus2015/praktikum-devops/internal/storage/memstorage/memstorage.go:37.16,39.3 1 0
github.com/rebus2015/praktikum-devops/internal/storage/memstorage/memstorage.go:40.2,42.12 3 1
github.com/rebus2015/praktikum-devops/internal/storage/memstorage/memstorage.go:45.61,47.16 2 1
github.com/rebus2015/praktikum-devops/internal/storage/memstorage/memstorage.go:47.16,49.3 1 0
github.com/rebus2015/praktikum-devops/internal/storage/memstorage/memstorage.go:50.2,52.12 3 1
github.com/rebus2015/praktikum-devops/internal/storage/memstorage/memstorage.go:76.31,82.2 1 1
github.com/rebus2015/praktikum-devops/internal/storage/memstorage/memstorage.go:84.78,88.25 4 1
github.com/rebus2015/praktikum-devops/internal/storage/memstorage/memstorage.go:89.14,90.3 1 1
github.com/rebus2015/praktikum-devops/internal/storage/memstorage/memstorage.go:90.3,92.18 2 1
github.com/rebus2015/praktikum-devops/internal/storage/memstorage/memstorage.go:92.18,94.5 1 0
github.com/rebus2015/praktikum-devops/internal/storage/memstorage/memstorage.go:96.16,97.3 1 1
github.com/rebus2015/praktikum-devops/internal/storage/memstorage/memstorage.go:97.3,100.4 2 1
github.com/rebus2015/praktikum-devops/internal/storage/memstorage/memstorage.go:101.10,102.49 1 0
github.com/rebus2015/praktikum-devops/internal/storage/memstorage/memstorage.go:105.2,106.30 2 1
github.com/rebus2015/praktikum-devops/internal/storage/memstorage/memstorage.go:109.78,113.25 4 1
github.com/rebus2015/praktikum-devops/internal/storage/memstorage/memstorage.go:114.14,115.3 1 1
github.com/rebus2015/praktikum-devops/internal/storage/memstorage/memstorage.go:115.3,117.18 2 1
github.com/rebus2015/praktikum-devops/internal/storage/memstorage/memstorage.go:117.18,119.5 1 0
github.com/rebus2015/praktikum-devops/internal/storage/memstorage/memstorage.go:121.14,122.3 1 1
github.com/rebus2015/praktikum-devops/internal/storage/memstorage/memstorage.go:122.3,125.4 2 1
github.com/rebus2015/praktikum-devops/internal/storage/memstorage/memstorage.go:126.10,127.51 1 0
github.com/rebus2015/praktikum-devops/internal/storage/memstorage/memstorage.go:129.2,129.38 1 1
github.com/rebus2015/praktikum-devops/internal/storage/memstorage/memstorage.go:129.38,131.3 1 1
github.com/rebus2015/praktikum-devops/internal/storage/memstorage/memstorage.go:131.8,134.3 2 1
github.com/rebus2015/praktikum-devops/internal/storage/memstorage/memstorage.go:135.2,135.32 1 1
github.com/rebus2015/praktikum-devops/internal/storage/memstorage/memstorage.go:138.61,144.36 5 1
github.com/rebus2015/praktikum-devops/internal/storage/memstorage/memstorage.go:144.36,150.3 2 1
github.com/rebus2015/praktikum-devops/internal/storage/memstorage/memstorage.go:151.2,151.30 1 1
github.com/rebus2015/praktikum-devops/internal/storage/memstorage/memstorage.go:154.61,157.34 3 1
github.com/rebus2015/praktikum-devops/internal/storage/memstorage/memstorage.go:157.34,159.3 1 1
github.com/rebus2015/praktikum-devops/internal/storage/memstorage/memstorage.go:160.2,160.28 1 1
github.com/rebus2015/praktikum-devops/internal/storage/memstorage/memstorage.go:163.53,166.26 3 0
github.com/rebus2015/praktikum-devops/internal/storage/memstorage/memstorage.go:166.26,168.3 1 0
github.com/rebus2015/praktikum-devops/internal/storage/memstorage/memstorage.go:169.2,171.35 2 0
github.com/rebus2015/praktikum-devops/internal/storage/memstorage/memstorage.go:171.35,173.3 1 0
github.com/rebus2015/praktikum-devops/internal/storage/memstorage/memstorage.go:174.2,174.27 1 0
github.com/rebus2015/praktikum-devops/internal/storage/memstorage/memstorage.go:174.27,176.3 1 0
github.com/rebus2015/praktikum-devops/internal/storage/memstorage/memstorage.go:178.2,178.18 1 0
github.com/rebus2015/praktikum-devops/internal/storage/memstorage/memstorage.go:181.65,182.33 1 1
github.com/rebus2015/praktikum-devops/internal/storage/memstorage/memstorage.go:182.33,183.23 1 1
github.com/rebus2015/praktikum-devops/internal/storage/memstorage/memstorage.go:184.16,185.4 1 1
github.com/rebus2015/praktikum-devops/internal/storage/memstorage/memstorage.go:185.4,186.28 1 1
github.com/rebus2015/praktikum-devops/internal/storage/memstorage/memstorage.go:186.28,189.6 2 1
github.com/rebus2015/praktikum-devops/internal/storage/memstorage/memstorage.go:191.5,192.19 2 1
github.com/rebus2015/praktikum-devops/internal/storage/memstorage/memstorage.go:192.19,195.6 2 0
github.com/rebus2015/praktikum-devops/internal/storage/memstorage/memstorage.go:197.14,198.4 1 1
github.com/rebus2015/praktikum-devops/internal/storage/memstorage/memstorage.go:198.4,199.28 1 1
github.com/rebus2015/praktikum-devops/internal/storage/memstorage/memstorage.go:199.28,202.6 2 1
github.com/rebus2015/praktikum-devops/internal/storage/memstorage/memstorage.go:204.5,205.19 2 1
github.com/rebus2015/praktikum-devops/internal/storage/memstorage/memstorage.go:205.19,208.6 2 0
github.com/rebus2015/praktikum-devops/internal/storage/memstorage/memstorage.go:210.11,211.4 1 1
github.com/rebus2015/praktikum-devops/internal/storage/memstorage/memstorage.go:211.4,214.5 2 1
github.com/rebus2015/praktikum-devops/internal/storage/memstorage/memstorage.go:217.2,217.12 1 1
github.com/rebus2015/praktikum-devops/internal/config/config.go:41.35,59.16 16 0
github.com/rebus2015/praktikum-devops/internal/config/config.go:59.16,61.3 1 0
github.com/rebus2015/praktikum-devops/internal/config/config.go:62.2,63.16 2 0
github.com/rebus2015/praktikum-devops/internal/config/config.go:63.16,65.3 1 0
github.com/rebus2015/praktikum-devops/internal/config/config.go:66.2,66.43 1 0
github.com/rebus2015/praktikum-devops/internal/config/config.go:66.43,68.3 1 0
github.com/rebus2015/praktikum-devops/internal/config/config.go:70.2,70.19 1 0
github.com/rebus2015/praktikum-devops/internal/config/config.go:72.57,83.50 2 0
github.com/rebus2015/praktikum-devops/internal/config/config.go:83.50,85.3 1 0
github.com/rebus2015/praktikum-devops/internal/config/config.go:86.2,88.16 3 0
github.com/rebus2015/praktikum-devops/internal/config/config.go:88.16,90.3 1 0
github.com/rebus2015/praktikum-devops/internal/config/config.go:91.2,95.27 5 0
github.com/rebus2015/praktikum-devops/internal/config/config.go:95.27,96.57 1 0
github.com/rebus2015/praktikum-devops/internal/config/config.go:96.57,98.4 1 0
github.com/rebus2015/praktikum-devops/internal/config/config.go:100.2,100.12 1 0
github.com/rebus2015/praktikum-devops/internal/config/config.go:103.45,104.28 1 0
github.com/rebus2015/praktikum-devops/internal/config/config.go:104.28,106.3 1 0
github.com/rebus2015/praktikum-devops/internal/config/config.go:107.2,107.18 1 0
github.com/rebus2015/praktikum-devops/internal/config/config.go:107.18,109.3 1 0
github.com/rebus2015/praktikum-devops/internal/config/config.go:110.2,110.54 1 0
github.com/rebus2015/praktikum-devops/internal/config/config.go:113.52,115.16 2 0
github.com/rebus2015/praktikum-devops/internal/config/config.go:115.16,117.3 1 0
github.com/rebus2015/praktikum-devops/internal/config/config.go:118.2,118.21 1 0
github.com/rebus2015/praktikum-devops/internal/config/config.go:121.42,122.22 1 0
github.com/rebus2015/praktikum-devops/internal/config/config.go:122.22,124.3 1 0
github.com/rebus2015/praktikum-devops/internal/config/config.go:125.2,126.16 2 0
github.com/rebus2015/praktikum-devops/internal/config/config.go:126.16,128.3 1 0
github.com/rebus2015/praktikum-devops/internal/config/config.go:129.2,129.15 1 0
github.com/rebus2015/praktikum-devops/internal/config/config.go:129.15,131.17 2 0
github.com/rebus2015/praktikum-devops/internal/config/config.go:131.17,133.4 1 0
github.com/rebus2015/praktikum-devops/internal/config/config.go:136.2,137.16 2 0
github.com/rebus2015/praktikum-devops/internal/config/config.go:137.16,139.3 1 0
github.com/rebus2015/praktikum-devops/internal/config/config.go:140.2,142.16 3 0
github.com/rebus2015/praktikum-devops/internal/config/config.go:142.16,144.3 1 0
github.com/rebus2015/praktikum-devops/internal/config/config.go:146.2,146.27 1 0
github.com/rebus2015/praktikum-devops/internal/config/config.go:146.27,148.3 1 0
github.com/rebus2015/praktikum-devops/internal/config/config.go:149.2,149.38 1 0
github.com/rebus2015/praktikum-devops/internal/config/config.go:149.38,151.3 1 0
github.com/rebus2015/praktikum-devops/internal/config/config.go:152.2,152.16 1 0
github.com/rebus2015/praktikum-devops/internal/config/config.go:152.16,154.3 1 0
github.com/rebus2015/praktikum-devops/internal/config/config.go:155.2,155.23 1 0
github.com/rebus2015/praktikum-devops/internal/config/config.go:155.23,157.3 1 0
github.com/rebus2015/praktikum-devops/internal/config/config.go:158.2,158.30 1 0
github.com/rebus2015/praktikum-devops/internal/config/config.go:158.30,160.3 1 0
github.com/rebus2015/praktikum-devops/internal/config/config.go:161.2,161.27 1 0
github.com/rebus2015/praktikum-devops/internal/config/config.go:161.27,163.3 1 0
github.com/rebus2015/praktikum-devops/internal/config/config.go:164.2,164.27 1 0
github.com/rebus2015/praktikum-devops/internal/config/config.go:164.27,166.3 1 0
github.com/rebus2015/praktikum-devops/internal/config/config.go:167.2,167.12 1 0
github.com/rebus2015/praktikum-devops/internal/config/config.go:169.39,170.27 1 0
github.com/rebus2015/praktikum-devops/internal/config/config.go:170.27,172.3 1 0
github.com/rebus2015/praktikum-devops/internal/config/config.go:173.2,176.16 3 0
github.com/rebus2015/praktikum-devops/internal/config/config.go:176.16,178.3 1 0
github.com/rebus2015/praktikum-devops/internal/config/config.go:179.2,180.16 2 0
github.com/rebus2015/praktikum-devops/internal/config/config.go:180.16,182.3 1 0
github.com/rebus2015/praktikum-devops/internal/config/config.go:183.2,185.16 3 0
github.com/rebus2015/praktikum-devops/internal/config/config.go:185.16,187.3 1 0
github.com/rebus2015/praktikum-devops/internal/config/config.go:188.2,189.16 2 0
github.com/rebus2015/praktikum-devops/internal/config/config.go:189.16,191.3 1 0
github.com/rebus2015/praktikum-devops/internal/config/config.go:193.2,194.18 2 0
github.com/rebus2015/praktikum-devops/internal/config/config.go:194.18,196.3 1 0
github.com/rebus2015/praktikum-devops/internal/config/config.go:198.2,199.17 2 0
github.com/rebus2015/praktikum-devops/internal/config/config.go:199.17,201.3 1 0
github.com/rebus2015/praktikum-devops/internal/config/config.go:202.2,203.12 2 0
github.com/rebus2015/praktikum-devops/internal/storage/wrapper.go:22.96,27.2 1 0
github.com/rebus2015/praktikum-devops/internal/storage/wrapper.go:28.86,30.32 2 0
github.com/rebus2015/praktikum-devops/internal/storage/wrapper.go:30.32,31.37 1 0
github.com/rebus2015/praktikum-devops/internal/storage/wrapper.go:31.37,33.19 2 0
github.com/rebus2015/praktikum-devops/internal/storage/wrapper.go:33.19,35.5 1 0
github.com/rebus2015/praktikum-devops/internal/storage/wrapper.go:38.2,38.16 1 0
github.com/rebus2015/praktikum-devops/internal/storage/wrapper.go:38.16,40.3 1 0
github.com/rebus2015/praktikum-devops/internal/storage/wrapper.go:41.2,41.20 1 0
github.com/rebus2015/praktikum-devops/internal/storage/wrapper.go:44.86,46.32 2 0
github.com/rebus2015/praktikum-devops/internal/storage/wrapper.go:46.32,47.37 1 0
github.com/rebus2015/praktikum-devops/internal/storage/wrapper.go:47.37,49.19 2 0
github.com/rebus2015/praktikum-devops/internal/storage/wrapper.go:49.19,51.5 1 0
github.com/rebus2015/praktikum-devops/internal/storage/wrapper.go:54.2,54.16 1 0
github.com/rebus2015/praktikum-devops/internal/storage/wrapper.go:54.16,56.3 1 0
github.com/rebus2015/praktikum-devops/internal/storage/wrapper.go:57.2,57.20 1 0
github.com/rebus2015/praktikum-devops/internal/storage/wrapper.go:60.69,62.16 2 0
github.com/rebus2015/praktikum-devops/internal/storage/wrapper.go:62.16,64.3 1 0
github.com/rebus2015/praktikum-devops/internal/storage/wrapper.go:65.2,65.20 1 0
github.com/rebus2015/praktikum-devops/internal/storage/wrapper.go:68.69,70.16 2 0
github.com/rebus2015/praktikum-devops/internal/storage/wrapper.go:70.16,72.3 1 0
github.com/rebus2015/praktikum-devops/internal/storage/wrapper.go:73.2,73.20 1 0
github.com/rebus2015/praktikum-devops/internal/storage/wrapper.go:76.72,78.16 2 0
github.com/rebus2015/praktikum-devops/internal/storage/wrapper.go:78.16,80.3 1 0
github.com/rebus2015/praktikum-devops/internal/storage/wrapper.go:81.2,81.20 1 0
github.com/rebus2015/praktikum-devops/internal/storage/wrapper.go:84.67,86.32 2 0
github.com/rebus2015/praktikum-devops/internal/storage/wrapper.go:86.32,87.37 1 0
github.com/rebus2015/praktikum-devops/internal/storage/wrapper.go:87.37,89.19 2 0
github.com/rebus2015/praktikum-devops/internal/storage/wrapper.go:89.19,91.5 1 0
github.com/rebus2015/praktikum-devops/internal/storage/wrapper.go:94.2,94.12 1 0
github.com/rebus2015/praktikum-devops/internal/storage/filestorage/filestorage.go:27.69,32.2 1 0
github.com/rebus2015/praktikum-devops/internal/storage/filestorage/filestorage.go:34.39,36.2 1 0
github.com/rebus2015/praktikum-devops/internal/storage/filestorage/filestorage.go:38.82,40.16 2 1
github.com/rebus2015/praktikum-devops/internal/storage/filestorage/filestorage.go:40.16,43.3 2 0
github.com/rebus2015/praktikum-devops/internal/storage/filestorage/filestorage.go:45.2,46.16 2 1
github.com/rebus2015/praktikum-devops/internal/storage/filestorage/filestorage.go:46.16,49.3 2 0
github.com/rebus2015/praktikum-devops/internal/storage/filestorage/filestorage.go:50.2,50.12 1 1
github.com/rebus2015/praktikum-devops/internal/storage/filestorage/filestorage.go:53.84,55.16 2 1
github.com/rebus2015/praktikum-devops/internal/storage/filestorage/filestorage.go:55.16,58.3 2 0
github.com/rebus2015/praktikum-devops/internal/storage/filestorage/filestorage.go:60.2,61.16 2 1
github.com/rebus2015/praktikum-devops/internal/storage/filestorage/filestorage.go:61.16,64.3 2 0
github.com/rebus2015/praktikum-devops/internal/storage/filestorage/filestorage.go:66.2,67.15 2 1
github.com/rebus2015/praktikum-devops/internal/storage/filestorage/filestorage.go:67.15,70.3 2 1
github.com/rebus2015/praktikum-devops/internal/storage/filestorage/filestorage.go:71.2,72.16 2 1
github.com/rebus2015/praktikum-devops/internal/storage/filestorage/filestorage.go:72.16,75.3 2 1
github.com/rebus2015/praktikum-devops/internal/storage/filestorage/filestorage.go:76.2,76.22 1 0
github.com/rebus2015/praktikum-devops/internal/storage/filestorage/filestorage.go:79.85,81.21 2 1
github.com/rebus2015/praktikum-devops/internal/storage/filestorage/filestorage.go:81.21,83.18 2 1
github.com/rebus2015/praktikum-devops/internal/storage/filestorage/filestorage.go:83.18,85.4 1 0
github.com/rebus2015/praktikum-devops/internal/storage/filestorage/filestorage.go:94.52,96.16 2 1
github.com/rebus2015/praktikum-devops/internal/storage/filestorage/filestorage.go:96.16,98.3 1 0
github.com/rebus2015/praktikum-devops/internal/storage/filestorage/filestorage.go:100.2,103.8 1 1
github.com/rebus2015/praktikum-devops/internal/storage/filestorage/filestorage.go:106.34,108.16 2 1
github.com/rebus2015/praktikum-devops/internal/storage/filestorage/filestorage.go:108.16,110.3 1 0
github.com/rebus2015/praktikum-devops/internal/storage/filestorage/filestorage.go:111.2,111.12 1 1
github.com/rebus2015/praktikum-devops/internal/storage/filestorage/filestorage.go:119.52,121.16 2 1
github.com/rebus2015/praktikum-devops/internal/storage/filestorage/filestorage.go:121.16,123.3 1 0
github.com/rebus2015/praktikum-devops/internal/storage/filestorage/filestorage.go:125.2,128.8 1 1
github.com/rebus2015/praktikum-devops/internal/storage/filestorage/filestorage.go:131.66,132.23 1 1
github.com/rebus2015/praktikum-devops/internal/storage/filestorage/filestorage.go:132.23,134.3 1 0
github.com/rebus2015/praktikum-devops/internal/storage/filestorage/filestorage.go:136.2,140.16 4 1
github.com/rebus2015/praktikum-devops/internal/storage/filestorage/filestorage.go:140.16,142.3 1 1
github.com/rebus2015/praktikum-devops/internal/storage/filestorage/filestorage.go:143.2,144.17 2 0
github.com/rebus2015/praktikum-devops/internal/storage/memstorage/memstorage.go:21.25,23.2 1 0
github.com/rebus2015/praktikum-devops/internal/storage/memstorage/memstorage.go:25.34,28.2 2 0
github.com/rebus2015/praktikum-devops/internal/storage/memstorage/memstorage.go:30.34,33.2 2 0
github.com/rebus2015/praktikum-devops/internal/storage/memstorage/memstorage.go:35.61,37.16 2 0
github.com/rebus2015/praktikum-devops/internal/storage/memstorage/memstorage.go:37.16,39.3 1 0
github.com/rebus2015/praktikum-devops/internal/storage/memstorage/memstorage.go:40.2,42.12 3 0
github.com/rebus2015/praktikum-devops/internal/storage/memstorage/memstorage.go:45.61,47.16 2 0
github.com/rebus2015/praktikum-devops/internal/storage/memstorage/memstorage.go:47.16,49.3 1 0
github.com/rebus2015/praktikum-devops/internal/storage/memstorage/memstorage.go:50.2,52.12 3 0
github.com/rebus2015/praktikum-devops/internal/storage/memstorage/memstorage.go:76.31,82.2 1 1
github.com/rebus2015/praktikum-devops/internal/storage/memstorage/memstorage.go:84.78,88.25 4 0
github.com/rebus2015/praktikum-devops/internal/storage/memstorage/memstorage.go:89.14,90.3 1 0
github.com/rebus2015/praktikum-devops/internal/storage/memstorage/memstorage.go:90.3,92.18 2 0
github.com/rebus2015/praktikum-devops/internal/storage/memstorage/memstorage.go:92.18,94.5 1 0
github.com/rebus2015/praktikum-devops/internal/storage/memstorage/memstorage.go:96.16,97.3 1 0
github.com/rebus2015/praktikum-devops/internal/storage/memstorage/memstorage.go:97.3,100.4 2 0
github.com/rebus2015/praktikum-devops/internal/storage/memstorage/memstorage.go:101.10,102.49 1 0
github.com/rebus2015/praktikum-devops/internal/storage/memstorage/memstorage.go:105.2,106.30 2 0
github.com/rebus2015/praktikum-devops/internal/storage/memstorage/memstorage.go:109.78,113.25 4 0
github.com/rebus2015/praktikum-devops/internal/storage/memstorage/memstorage.go:114.14,115.3 1 0
github.com/rebus2015/praktikum-devops/internal/storage/memstorage/memstorage.go:115.3,117.18 2 0
github.com/rebus2015/praktikum-devops/internal/storage/memstorage/memstorage.go:117.18,119.5 1 0
github.com/rebus2015/praktikum-devops/internal/storage/memstorage/memstorage.go:121.14,122.3 1 0
github.com/rebus2015/praktikum-devops/internal/storage/memstorage/memstorage.go:122.3,125.4 2 0
github.com/rebus2015/praktikum-devops/internal/storage/memstorage/memstorage.go:126.10,127.51 1 0
github.com/rebus2015/praktikum-devops/internal/storage/memstorage/memstorage.go:129.2,129.38 1 0
github.com/rebus2015/praktikum-devops/internal/storage/memstorage/memstorage.go:129.38,131.3 1 0
github.com/rebus2015/praktikum-devops/internal/storage/memstorage/memstorage.go:131.8,134.3 2 0
github.com/rebus2015/praktikum-devops/internal/storage/memstorage/memstorage.go:135.2,135.32 1 0
github.com/rebus2015/praktikum-devops/internal/storage/memstorage/memstorage.go:138.61,144.36 5 0
github.com/rebus2015/praktikum-devops/internal/storage/memstorage/memstorage.go:144.36,150.3 2 0
github.com/rebus2015/praktikum-devops/internal/storage/memstorage/memstorage.go:151.2,151.30 1 0
github.com/rebus2015/praktikum-devops/internal/storage/memstorage/memstorage.go:154.61,157.34 3 0
github.com/rebus2015/praktikum-devops/internal/storage/memstorage/memstorage.go:157.34,159.3 1 0
github.com/rebus2015/praktikum-devops/internal/storage/memstorage/memstorage.go:160.2,160.28 1 0
github.com/rebus2015/praktikum-devops/internal/storage/memstorage/memstorage.go:163.53,166.26 3 0
github.com/rebus2015/praktikum-devops/internal/storage/memstorage/memstorage.go:166.26,168.3 1 0
github.com/rebus2015/praktikum-devops/internal/storage/memstorage/memstorage.go:169.2,171.35 2 0
github.com/rebus2015/praktikum-devops/internal/storage/memstorage/memstorage.go:171.35,173.3 1 0
github.com/rebus2015/praktikum-devops/internal/storage/memstorage/memstorage.go:174.2,174.27 1 0
github.com/rebus2015/praktikum-devops/internal/storage/memstorage/memstorage.go:174.27,176.3 1 0
github.com/rebus2015/praktikum-devops/internal/storage/memstorage/memstorage.go:178.2,178.18 1 0
github.com/rebus2015/praktikum-devops/internal/storage/memstorage/memstorage.go:181.65,182.33 1 0
github.com/rebus2015/praktikum-devops/internal/storage/memstorage/memstorage.go:182.33,183.23 1 0
github.com/rebus2015/praktikum-devops/internal/storage/memstorage/memstorage.go:184.16,185.4 1 0
github.com/rebus2015/praktikum-devops/internal/storage/memstorage/memstorage.go:185.4,186.28 1 0
github.com/rebus2015/praktikum-devops/internal/storage/memstorage/memstorage.go:186.28,189.6 2 0
github.com/rebus2015/praktikum-devops/internal/storage/memstorage/memstorage.go:191.5,192.19 2 0
github.com/rebus2015/praktikum-devops/internal/storage/memstorage/memstorage.go:192.19,195.6 2 0
github.com/rebus2015/praktikum-devops/internal/storage/memstorage/memstorage.go:197.14,198.4 1 0
github.com/rebus2015/praktikum-devops/internal/storage/memstorage/memstorage.go:198.4,199.28 1 0
github.com/rebus2015/praktikum-devops/internal/storage/memstorage/memstorage.go:199.28,202.6 2 0
github.com/rebus2015/praktikum-devops/internal/storage/memstorage/memstorage.go:204.5,205.19 2 0
github.com/rebus2015/praktikum-devops/internal/storage/memstorage/memstorage.go:205.19,208.6 2 0
github.com/rebus2015/praktikum-devops/internal/storage/memstorage/memstorage.go:210.11,211.4 1 0
github.com/rebus2015/praktikum-devops/internal/storage/memstorage/memstorage.go:211.4,214.5 2 0
github.com/rebus2015/praktikum-devops/internal/storage/memstorage/memstorage.go:217.2,217.12 1 0
github.com/rebus2015/praktikum-devops/internal/storage/wrapper.go:22.96,27.2 1 0
github.com/rebus2015/praktikum-devops/internal/storage/wrapper.go:28.86,30.32 2 0
github.com/rebus2015/praktikum-devops/internal/storage/wrapper.go:30.32,31.37 1 0
github.com/rebus2015/praktikum-devops/internal/storage/wrapper.go:31.37,33.19 2 0
github.com/rebus2015/praktikum-devops/internal/storage/wrapper.go:33.19,35.5 1 0
github.com/rebus2015/praktikum-devops/internal/storage/wrapper.go:38.2,38.16 1 0
github.com/rebus2015/praktikum-devops/internal/storage/wrapper.go:38.16,40.3 1 0
github.com/rebus2015/praktikum-devops/internal/storage/wrapper.go:41.2,41.20 1 0
github.com/rebus2015/praktikum-devops/internal/storage/wrapper.go:44.86,46.32 2 0
github.com/rebus2015/praktikum-devops/internal/storage/wrapper.go:46.32,47.37 1 0
github.com/rebus2015/praktikum-devops/internal/storage/wrapper.go:47.37,49.19 2 0
github.com/rebus2015/praktikum-devops/internal/storage/wrapper.go:49.19,51.5 1 0
github.com/rebus2015/praktikum-devops/internal/storage/wrapper.go:54.2,54.16 1 0
github.com/rebus2015/praktikum-devops/internal/storage/wrapper.go:54.16,56.3 1 0
github.com/rebus2015/praktikum-devops/internal/storage/wrapper.go:57.2,57.20 1 0
github.com/rebus2015/praktikum-devops/internal/storage/wrapper.go:60.69,62.16 2 0
github.com/rebus2015/praktikum-devops/internal/storage/wrapper.go:62.16,64.3 1 0
github.com/rebus2015/praktikum-devops/internal/storage/wrapper.go:65.2,65.20 1 0
github.com/rebus2015/praktikum-devops/internal/storage/wrapper.go:68.69,70.16 2 0
github.com/rebus2015/praktikum-devops/internal/storage/wrapper.go:70.16,72.3 1 0
github.com/rebus2015/praktikum-devops/internal/storage/wrapper.go:73.2,73.20 1 0
github.com/rebus2015/praktikum-devops/internal/storage/wrapper.go:76.72,78.16 2 0
github.com/rebus2015/praktikum-devops/internal/storage/wrapper.go:78.16,80.3 1 0
github.com/rebus2015/praktikum-devops/internal/storage/wrapper.go:81.2,81.20 1 0
github.com/rebus2015/praktikum-devops/internal/storage/wrapper.go:84.67,86.32 2 0
github.com/rebus2015/praktikum-devops/internal/storage/wrapper.go:86.32,87.37 1 0
github.com/rebus2015/praktikum-devops/internal/storage/wrapper.go:87.37,89.19 2 0
github.com/rebus2015/praktikum-devops/internal/storage/wrapper.go:89.19,91.5 1 0
github.com/rebus2015/praktikum-devops/internal/storage/wrapper.go:94.2,94.12 1 0
github.com/rebus2015/praktikum-devops/internal/storage/dbstorage/pgstorage.go:44.47,46.2 1 1
github.com/rebus2015/praktikum-devops/internal/storage/dbstorage/pgstorage.go:48.102,50.16 2 1
github.com/rebus2015/praktikum-devops/internal/storage/dbstorage/pgstorage.go:50.16,53.3 2 0
github.com/rebus2015/praktikum-devops/internal/storage/dbstorage/pgstorage.go:54.2,56.17 3 1
github.com/rebus2015/praktikum-devops/internal/storage/dbstorage/pgstorage.go:56.17,58.3 1 1
github.com/rebus2015/praktikum-devops/internal/storage/dbstorage/pgstorage.go:59.2,59.17 1 0
github.com/rebus2015/praktikum-devops/internal/storage/dbstorage/pgstorage.go:62.39,64.2 1 1
github.com/rebus2015/praktikum-devops/internal/storage/dbstorage/pgstorage.go:66.63,67.16 1 1
github.com/rebus2015/praktikum-devops/internal/storage/dbstorage/pgstorage.go:67.16,69.3 1 0
github.com/rebus2015/praktikum-devops/internal/storage/dbstorage/pgstorage.go:70.2,70.49 1 1
github.com/rebus2015/praktikum-devops/internal/storage/dbstorage/pgstorage.go:70.49,73.3 2 1
github.com/rebus2015/praktikum-devops/internal/storage/dbstorage/pgstorage.go:74.2,74.12 1 1
github.com/rebus2015/praktikum-devops/internal/storage/dbstorage/pgstorage.go:77.96,79.16 2 1
github.com/rebus2015/praktikum-devops/internal/storage/dbstorage/pgstorage.go:79.16,82.3 2 1
github.com/rebus2015/praktikum-devops/internal/storage/dbstorage/pgstorage.go:84.2,84.15 1 1
github.com/rebus2015/praktikum-devops/internal/storage/dbstorage/pgstorage.go:84.15,85.17 1 1
github.com/rebus2015/praktikum-devops/internal/storage/dbstorage/pgstorage.go:85.17,87.20 2 0
github.com/rebus2015/praktikum-devops/internal/storage/dbstorage/pgstorage.go:87.20,89.5 1 0
github.com/rebus2015/praktikum-devops/internal/storage/dbstorage/pgstorage.go:93.2,93.37 1 1
github.com/rebus2015/praktikum-devops/internal/storage/dbstorage/pgstorage.go:93.37,100.65 2 1
github.com/rebus2015/praktikum-devops/internal/storage/dbstorage/pgstorage.go:100.65,103.4 2 0
github.com/rebus2015/praktikum-devops/internal/storage/dbstorage/pgstorage.go:106.2,106.39 1 1
github.com/rebus2015/praktikum-devops/internal/storage/dbstorage/pgstorage.go:106.39,113.65 2 1
github.com/rebus2015/praktikum-devops/internal/storage/dbstorage/pgstorage.go:113.65,116.4 2 0
github.com/rebus2015/praktikum-devops/internal/storage/dbstorage/pgstorage.go:118.2,119.16 2 1
github.com/rebus2015/praktikum-devops/internal/storage/dbstorage/pgstorage.go:119.16,122.3 2 0
github.com/rebus2015/praktikum-devops/internal/storage/dbstorage/pgstorage.go:123.2,123.12 1 1
github.com/rebus2015/praktikum-devops/internal/storage/dbstorage/pgstorage.go:128.92,134.16 6 1
github.com/rebus2015/praktikum-devops/internal/storage/dbstorage/pgstorage.go:134.16,137.3 2 0
github.com/rebus2015/praktikum-devops/internal/storage/dbstorage/pgstorage.go:138.2,138.18 1 1
github.com/rebus2015/praktikum-devops/internal/storage/dbstorage/pgstorage.go:138.18,141.17 3 1
github.com/rebus2015/praktikum-devops/internal/storage/dbstorage/pgstorage.go:141.17,144.4 2 0
github.com/rebus2015/praktikum-devops/internal/storage/dbstorage/pgstorage.go:145.3,145.25 1 1
github.com/rebus2015/praktikum-devops/internal/storage/dbstorage/pgstorage.go:146.16,147.43 1 1
github.com/rebus2015/praktikum-devops/internal/storage/dbstorage/pgstorage.go:148.18,149.43 1 1
github.com/rebus2015/praktikum-devops/internal/storage/dbstorage/pgstorage.go:150.11,151.63 1 0
github.com/rebus2015/praktikum-devops/internal/storage/dbstorage/pgstorage.go:156.2,157.16 2 1
github.com/rebus2015/praktikum-devops/internal/storage/dbstorage/pgstorage.go:157.16,160.3 2 0
github.com/rebus2015/praktikum-devops/internal/storage/dbstorage/pgstorage.go:161.2,166.6 1 1
github.com/rebus2015/praktikum-devops/internal/storage/dbstorage/pgstorage.go:169.93,171.21 2 1
github.com/rebus2015/praktikum-devops/internal/storage/dbstorage/pgstorage.go:171.21,174.18 3 1
github.com/rebus2015/praktikum-devops/internal/storage/dbstorage/pgstorage.go:174.18,176.4 1 1
github.com/rebus2015/praktikum-devops/internal/storage/dbstorage/pgstorage.go:180.68,181.38 1 1
github.com/rebus2015/praktikum-devops/internal/storage/dbstorage/pgstorage.go:181.38,184.3 2 1
github.com/rebus2015/praktikum-devops/internal/storage/dbstorage/pgstorage.go:186.2,186.69 1 1
github.com/rebus2015/praktikum-devops/internal/storage/dbstorage/pgstorage.go:186.69,189.3 2 0
github.com/rebus2015/praktikum-devops/internal/storage/dbstorage/pgstorage.go:190.2,190.12 1 1
github.com/rebus2015/praktikum-devops/internal/storage/memstorage/memstorage.go:21.25,23.2 1 0
github.com/rebus2015/praktikum-devops/internal/storage/memstorage/memstorage.go:25.34,28.2 2 0
github.com/rebus2015/praktikum-devops/internal/storage/memstorage/memstorage.go:30.34,33.2 2 0
github.com/rebus2015/praktikum-devops/internal/storage/memstorage/memstorage.go:35.61,37.16 2 0
github.com/rebus2015/praktikum-devops/internal/storage/memstorage/memstorage.go:37.16,39.3 1 0
github.com/rebus2015/praktikum-devops/internal/storage/memstorage/memstorage.go:40.2,42.12 3 0
github.com/rebus2015/praktikum-devops/internal/storage/memstorage/memstorage.go:45.61,47.16 2 0
github.com/rebus2015/praktikum-devops/internal/storage/memstorage/memstorage.go:47.16,49.3 1 0
github.com/rebus2015/praktikum-devops/internal/storage/memstorage/memstorage.go:50.2,52.12 3 0
github.com/rebus2015/praktikum-devops/internal/storage/memstorage/memstorage.go:76.31,82.2 1 0
github.com/rebus2015/praktikum-devops/internal/storage/memstorage/memstorage.go:84.78,88.25 4 0
github.com/rebus2015/praktikum-devops/internal/storage/memstorage/memstorage.go:89.14,90.3 1 0
github.com/rebus2015/praktikum-devops/internal/storage/memstorage/memstorage.go:90.3,92.18 2 0
github.com/rebus2015/praktikum-devops/internal/storage/memstorage/memstorage.go:92.18,94.5 1 0
github.com/rebus2015/praktikum-devops/internal/storage/memstorage/memstorage.go:96.16,97.3 1 0
github.com/rebus2015/praktikum-devops/internal/storage/memstorage/memstorage.go:97.3,100.4 2 0
github.com/rebus2015/praktikum-devops/internal/storage/memstorage/memstorage.go:101.10,102.49 1 0
github.com/rebus2015/praktikum-devops/internal/storage/memstorage/memstorage.go:105.2,106.30 2 0
github.com/rebus2015/praktikum-devops/internal/storage/memstorage/memstorage.go:109.78,113.25 4 0
github.com/rebus2015/praktikum-devops/internal/storage/memstorage/memstorage.go:114.14,115.3 1 0
github.com/rebus2015/praktikum-devops/internal/storage/memstorage/memstorage.go:115.3,117.18 2 0
github.com/rebus2015/praktikum-devops/internal/storage/memstorage/memstorage.go:117.18,119.5 1 0
github.com/rebus2015/praktikum-devops/internal/storage/memstorage/memstorage.go:121.14,122.3 1 0
github.com/rebus2015/praktikum-devops/internal/storage/memstorage/memstorage.go:122.3,125.4 2 0
github.com/rebus2015/praktikum-devops/internal/storage/memstorage/memstorage.go:126.10,127.51 1 0
github.com/rebus2015/praktikum-devops/internal/storage/memstorage/memstorage.go:129.2,129.38 1 0
github.com/rebus2015/praktikum-devops/internal/storage/memstorage/memstorage.go:129.38,131.3 1 0
github.com/rebus2015/praktikum-devops/internal/storage/memstorage/memstorage.go:131.8,134.3 2 0
github.com/rebus2015/praktikum-devops/internal/storage/memstorage/memstorage.go:135.2,135.32 1 0
github.com/rebus2015/praktikum-devops/internal/storage/memstorage/memstorage.go:138.61,144.36 5 0
github.com/rebus2015/praktikum-devops/internal/storage/memstorage/memstorage.go:144.36,150.3 2 0
github.com/rebus2015/praktikum-devops/internal/storage/memstorage/memstorage.go:151.2,151.30 1 0
github.com/rebus2015/praktikum-devops/internal/storage/memstorage/memstorage.go:154.61,157.34 3 0
github.com/rebus2015/praktikum-devops/internal/storage/memstorage/memstorage.go:157.34,159.3 1 0
github.com/rebus2015/praktikum-devops/internal/storage/memstorage/memstorage.go:160.2,160.28 1 0
github.com/rebus2015/praktikum-devops/internal/storage/memstorage/memstorage.go:163.53,166.26 3 0
github.com/rebus2015/praktikum-devops/internal/storage/memstorage/memstorage.go:166.26,168.3 1 0
github.com/rebus2015/praktikum-devops/internal/storage/memstorage/memstorage.go:169.2,171.35 2 0
github.com/rebus2015/praktikum-devops/internal/storage/memstorage/memstorage.go:171.35,173.3 1 0
github.com/rebus2015/praktikum-devops/internal/storage/memstorage/memstorage.go:174.2,174.27 1 0
github.com/rebus2015/praktikum-devops/internal/storage/memstorage/memstorage.go:174.27,176.3 1 0
github.com/rebus2015/praktikum-devops/internal/storage/memstorage/memstorage.go:178.2,178.18 1 0
github.com/rebus2015/praktikum-devops/internal/storage/memstorage/memstorage.go:181.65,182.33 1 0
github.com/rebus2015/praktikum-devops/internal/storage/memstorage/memstorage.go:182.33,183.23 1 0
github.com/rebus2015/praktikum-devops/internal/storage/memstorage/memstorage.go:184.16,185.4 1 0
github.com/rebus2015/praktikum-devops/internal/storage/memstorage/memstorage.go:185.4,186.28 1 0
github.com/rebus2015/praktikum-devops/internal/storage/memstorage/memstorage.go:186.28,189.6 2 0
github.com/rebus2015/praktikum-devops/internal/storage/memstorage/memstorage.go:191.5,192.19 2 0
github.com/rebus2015/praktikum-devops/internal/storage/memstorage/memstorage.go:192.19,195.6 2 0
github.com/rebus2015/praktikum-devops/internal/storage/memstorage/memstorage.go:197.14,198.4 1 0
github.com/rebus2015/praktikum-devops/internal/storage/memstorage/memstorage.go:198.4,199.28 1 0
github.com/rebus2015/praktikum-devops/internal/storage/memstorage/memstorage.go:199.28,202.6 2 0
github.com/rebus2015/praktikum-devops/internal/storage/memstorage/memstorage.go:204.5,205.19 2 0
github.com/rebus2015/praktikum-devops/internal/storage/memstorage/memstorage.go:205.19,208.6 2 0
github.com/rebus2015/praktikum-devops/internal/storage/memstorage/memstorage.go:210.11,211.4 1 0
github.com/rebus2015/praktikum-devops/internal/storage/memstorage/memstorage.go:211.4,214.5 2 0
github.com/rebus2015/praktikum-devops/internal/storage/memstorage/memstorage.go:217.2,217.12 1 0
